{"C:\\Users\\guardiashsbc\\Desktop\\Prueba\\src\\movie.controller.js": {"path":"C:\\Users\\guardiashsbc\\Desktop\\Prueba\\src\\movie.controller.js","statementMap":{"0":{"start":{"line":3,"column":24},"end":{"line":3,"column":26}},"1":{"start":{"line":5,"column":0},"end":{"line":12,"column":2}},"2":{"start":{"line":6,"column":2},"end":{"line":11,"column":3}},"3":{"start":{"line":7,"column":18},"end":{"line":7,"column":46}},"4":{"start":{"line":8,"column":4},"end":{"line":8,"column":20}},"5":{"start":{"line":10,"column":4},"end":{"line":10,"column":41}},"6":{"start":{"line":14,"column":0},"end":{"line":21,"column":2}},"7":{"start":{"line":15,"column":2},"end":{"line":20,"column":3}},"8":{"start":{"line":16,"column":19},"end":{"line":16,"column":45}},"9":{"start":{"line":17,"column":4},"end":{"line":17,"column":21}},"10":{"start":{"line":19,"column":4},"end":{"line":19,"column":41}},"11":{"start":{"line":23,"column":0},"end":{"line":34,"column":2}},"12":{"start":{"line":24,"column":2},"end":{"line":33,"column":3}},"13":{"start":{"line":25,"column":18},"end":{"line":25,"column":53}},"14":{"start":{"line":26,"column":4},"end":{"line":30,"column":5}},"15":{"start":{"line":27,"column":6},"end":{"line":27,"column":22}},"16":{"start":{"line":29,"column":6},"end":{"line":29,"column":46}},"17":{"start":{"line":32,"column":4},"end":{"line":32,"column":41}},"18":{"start":{"line":36,"column":0},"end":{"line":44,"column":2}},"19":{"start":{"line":37,"column":2},"end":{"line":43,"column":3}},"20":{"start":{"line":38,"column":4},"end":{"line":38,"column":59}},"21":{"start":{"line":39,"column":18},"end":{"line":39,"column":53}},"22":{"start":{"line":40,"column":4},"end":{"line":40,"column":20}},"23":{"start":{"line":42,"column":4},"end":{"line":42,"column":41}},"24":{"start":{"line":46,"column":0},"end":{"line":53,"column":2}},"25":{"start":{"line":47,"column":2},"end":{"line":52,"column":3}},"26":{"start":{"line":48,"column":4},"end":{"line":48,"column":49}},"27":{"start":{"line":49,"column":4},"end":{"line":49,"column":27}},"28":{"start":{"line":51,"column":4},"end":{"line":51,"column":41}}},"fnMap":{"0":{"name":"(anonymous_0)","decl":{"start":{"line":5,"column":25},"end":{"line":5,"column":26}},"loc":{"start":{"line":5,"column":45},"end":{"line":12,"column":1}},"line":5},"1":{"name":"(anonymous_1)","decl":{"start":{"line":14,"column":23},"end":{"line":14,"column":24}},"loc":{"start":{"line":14,"column":43},"end":{"line":21,"column":1}},"line":14},"2":{"name":"(anonymous_2)","decl":{"start":{"line":23,"column":26},"end":{"line":23,"column":27}},"loc":{"start":{"line":23,"column":46},"end":{"line":34,"column":1}},"line":23},"3":{"name":"(anonymous_3)","decl":{"start":{"line":36,"column":25},"end":{"line":36,"column":26}},"loc":{"start":{"line":36,"column":45},"end":{"line":44,"column":1}},"line":36},"4":{"name":"(anonymous_4)","decl":{"start":{"line":46,"column":25},"end":{"line":46,"column":26}},"loc":{"start":{"line":46,"column":45},"end":{"line":53,"column":1}},"line":46}},"branchMap":{"0":{"loc":{"start":{"line":26,"column":4},"end":{"line":30,"column":5}},"type":"if","locations":[{"start":{"line":26,"column":4},"end":{"line":30,"column":5}},{"start":{"line":26,"column":4},"end":{"line":30,"column":5}}],"line":26}},"s":{"0":1,"1":1,"2":2,"3":2,"4":1,"5":1,"6":1,"7":2,"8":2,"9":1,"10":1,"11":1,"12":3,"13":3,"14":2,"15":1,"16":1,"17":1,"18":1,"19":2,"20":2,"21":1,"22":1,"23":1,"24":1,"25":2,"26":2,"27":1,"28":1},"f":{"0":2,"1":2,"2":3,"3":2,"4":2},"b":{"0":[1,1]},"_coverageSchema":"1a1c01bbd47fc00a2c39e90264f33305004495a9","hash":"06bcdae1ac7e9ed39e1dc1e1405476903f35c33e"}
,"C:\\Users\\guardiashsbc\\Desktop\\Prueba\\src\\movie.model.js": {"path":"C:\\Users\\guardiashsbc\\Desktop\\Prueba\\src\\movie.model.js","statementMap":{"0":{"start":{"line":3,"column":20},"end":{"line":7,"column":2}}},"fnMap":{},"branchMap":{},"s":{"0":1},"f":{},"b":{},"_coverageSchema":"1a1c01bbd47fc00a2c39e90264f33305004495a9","hash":"d29f983bf1c83d18796ed49124eab7cfdd69da35"}
}
