TN:
SF:src\authentication\authentication.controller.js
FN:6,(anonymous_0)
FNF:1
FNH:1
FNDA:3,(anonymous_0)
DA:4,1
DA:6,1
DA:7,3
DA:8,3
DA:9,2
DA:10,2
DA:11,1
DA:13,1
DA:16,1
LF:9
LH:9
BRDA:8,0,0,2
BRDA:8,0,1,1
BRF:2
BRH:2
end_of_record
TN:
SF:src\movies\movie.controller.js
FN:5,(anonymous_0)
FN:14,(anonymous_1)
FN:23,(anonymous_2)
FN:36,(anonymous_3)
FN:46,(anonymous_4)
FNF:5
FNH:5
FNDA:2,(anonymous_0)
FNDA:2,(anonymous_1)
FNDA:3,(anonymous_2)
FNDA:2,(anonymous_3)
FNDA:2,(anonymous_4)
DA:3,1
DA:5,1
DA:6,2
DA:7,2
DA:8,1
DA:10,1
DA:14,1
DA:15,2
DA:16,2
DA:17,1
DA:19,1
DA:23,1
DA:24,3
DA:25,3
DA:26,2
DA:27,1
DA:29,1
DA:32,1
DA:36,1
DA:37,2
DA:38,2
DA:39,1
DA:40,1
DA:42,1
DA:46,1
DA:47,2
DA:48,2
DA:49,1
DA:51,1
LF:29
LH:29
BRDA:26,0,0,1
BRDA:26,0,1,1
BRF:2
BRH:2
end_of_record
TN:
SF:src\movies\movie.model.js
FNF:0
FNH:0
DA:3,1
LF:1
LH:1
BRF:0
BRH:0
end_of_record
TN:
SF:src\users\user.controller.js
FN:7,(anonymous_0)
FN:16,(anonymous_1)
FNF:2
FNH:2
FNDA:2,(anonymous_0)
FNDA:5,(anonymous_1)
DA:5,1
DA:7,1
DA:8,2
DA:9,2
DA:10,1
DA:12,1
DA:16,1
DA:17,5
DA:18,5
DA:19,1
DA:20,1
DA:23,3
DA:24,1
DA:25,1
DA:28,2
DA:30,2
DA:31,1
DA:32,1
DA:34,1
DA:37,1
LF:20
LH:20
BRDA:18,0,0,1
BRDA:18,0,1,3
BRDA:23,1,0,1
BRDA:23,1,1,2
BRDA:30,2,0,1
BRDA:30,2,1,1
BRF:6
BRH:6
end_of_record
TN:
SF:src\users\user.model.js
FNF:0
FNH:0
DA:3,1
LF:1
LH:1
BRF:0
BRH:0
end_of_record
TN:
SF:src\utils\constants.js
FNF:0
FNH:0
LF:0
LH:0
BRDA:2,0,0,2
BRDA:2,0,1,2
BRF:2
BRH:2
end_of_record
TN:
SF:src\utils\mockResponse.js
FN:1,(anonymous_0)
FNF:1
FNH:1
FNDA:21,(anonymous_0)
DA:1,3
DA:2,21
DA:3,21
DA:4,21
DA:5,21
DA:6,21
LF:6
LH:6
BRF:0
BRH:0
end_of_record
